<?xml version="1.0" encoding="UTF-8"?>
<!-- Generated by org.testng.reporters.JUnitReportReporter -->
<testsuite skipped="0" hostname="Aravind" name="com.Basics.ComplexJsonparse" tests="6" failures="0" timestamp="26 Aug 2020 15:41:12 GMT" time="1.511" errors="0">
  <testcase name="Question1" time="1.250" classname="com.Basics.ComplexJsonparse"/>
  <testcase name="Question5" time="0.090" classname="com.Basics.ComplexJsonparse"/>
  <testcase name="Question3" time="0.030" classname="com.Basics.ComplexJsonparse"/>
  <testcase name="Question4" time="0.010" classname="com.Basics.ComplexJsonparse"/>
  <testcase name="Question6" time="0.080" classname="com.Basics.ComplexJsonparse"/>
  <testcase name="Question2" time="0.051" classname="com.Basics.ComplexJsonparse"/>
</testsuite> <!-- com.Basics.ComplexJsonparse -->
