<?xml version="1.0" encoding="UTF-8"?>
<!-- Generated by org.testng.reporters.JUnitReportReporter -->
<testsuite skipped="0" hostname="Aravind" name="com.OAuth2.o.OAuth2" tests="1" failures="0" timestamp="11 Sep 2020 15:24:36 GMT" time="5.976" errors="0">
  <testcase name="oAuth2" time="5.976" classname="com.OAuth2.o.OAuth2"/>
</testsuite> <!-- com.OAuth2.o.OAuth2 -->
