<?xml version="1.0" encoding="UTF-8"?>
<!-- Generated by org.testng.reporters.JUnitReportReporter -->
<testsuite skipped="0" hostname="Aravind" name="com.Basics.Basics" tests="1" failures="0" timestamp="25 Aug 2020 15:32:29 GMT" time="8.537" errors="0">
  <testcase name="End_2_end" time="8.537" classname="com.Basics.Basics"/>
</testsuite> <!-- com.Basics.Basics -->
