<?xml version="1.0" encoding="UTF-8"?>
<!-- Generated by org.testng.reporters.JUnitReportReporter -->
<testsuite skipped="0" hostname="Aravind" name="com.Basics.ComplexJsonparse_Assignment_Session6" tests="6" failures="0" timestamp="26 Aug 2020 15:51:30 GMT" time="1.581" errors="0">
  <testcase name="Question1" time="1.260" classname="com.Basics.ComplexJsonparse_Assignment_Session6"/>
  <testcase name="Question4" time="0.060" classname="com.Basics.ComplexJsonparse_Assignment_Session6"/>
  <testcase name="Question6" time="0.080" classname="com.Basics.ComplexJsonparse_Assignment_Session6"/>
  <testcase name="Question3" time="0.040" classname="com.Basics.ComplexJsonparse_Assignment_Session6"/>
  <testcase name="Question5" time="0.100" classname="com.Basics.ComplexJsonparse_Assignment_Session6"/>
  <testcase name="Question2" time="0.041" classname="com.Basics.ComplexJsonparse_Assignment_Session6"/>
</testsuite> <!-- com.Basics.ComplexJsonparse_Assignment_Session6 -->
