<?xml version="1.0" encoding="UTF-8"?>
<!-- Generated by org.testng.reporters.JUnitReportReporter -->
<testsuite skipped="0" hostname="Aravind" name="com.Basics.API_1_E2E" tests="1" failures="0" timestamp="17 Nov 2020 06:37:10 GMT" time="8.930" errors="0">
  <testcase name="End_2_end" time="8.930" classname="com.Basics.API_1_E2E"/>
</testsuite> <!-- com.Basics.API_1_E2E -->
