<?xml version="1.0" encoding="UTF-8"?>
<!-- Generated by org.testng.reporters.JUnitReportReporter -->
<testsuite skipped="0" hostname="Aravind" name="com.Basics.API_2_StaticPayloads_Notepad" tests="1" failures="0" timestamp="30 Aug 2020 08:07:16 GMT" time="5.588" errors="0">
  <testcase name="Add_books" time="5.588" classname="com.Basics.API_2_StaticPayloads_Notepad"/>
</testsuite> <!-- com.Basics.API_2_StaticPayloads_Notepad -->
