<?xml version="1.0" encoding="UTF-8"?>
<!-- Generated by org.testng.reporters.JUnitReportReporter -->
<testsuite skipped="1" hostname="Aravind" name="com.Basics.API_2_E2E" tests="4" failures="0" timestamp="30 Aug 2020 07:21:06 GMT" time="5.616" errors="0">
  <testcase name="Add_book2" time="4.922" classname="com.Basics.API_2_E2E"/>
  <testcase name="Add_book2" time="0.344" classname="com.Basics.API_2_E2E"/>
  <testcase name="Add_book2" time="0.350" classname="com.Basics.API_2_E2E"/>
  <testcase name="Add_book1" classname="com.Basics.API_2_E2E">
    <skipped/>
  </testcase> <!-- Add_book1 -->
</testsuite> <!-- com.Basics.API_2_E2E -->
