<?xml version="1.0" encoding="UTF-8"?>
<!-- Generated by org.testng.reporters.JUnitReportReporter -->
<testsuite skipped="0" hostname="Aravind" name="com.Basics.BookLibrary_API" tests="1" failures="0" timestamp="17 Oct 2020 14:17:32 GMT" time="6.713" errors="0">
  <testcase name="method1" time="6.713" classname="com.Basics.BookLibrary_API"/>
</testsuite> <!-- com.Basics.BookLibrary_API -->
