<?xml version="1.0" encoding="UTF-8"?>
<!-- Generated by org.testng.reporters.JUnitReportReporter -->
<testsuite skipped="0" hostname="Aravind" name="serialization.GoogleAPI_Serialization" tests="1" failures="0" timestamp="22 Sep 2020 12:44:42 GMT" time="7.819" errors="0">
  <testcase name="Serialization" time="7.819" classname="serialization.GoogleAPI_Serialization"/>
</testsuite> <!-- serialization.GoogleAPI_Serialization -->
